11:20:23.689 INFO  [background-preinit]org.hibernate.validator.internal.util.Version - HV000001: Hibernate Validator 8.0.2.Final
11:20:23.741 INFO  [main]com.example.quiz14.Quiz14Application - Starting Quiz14Application using Java 17.0.12 with PID 6844 (C:\JavaProject\java_project\quiz14\bin\main started by admin in C:\JavaProject\java_project\quiz14)
11:20:23.743 INFO  [main]com.example.quiz14.Quiz14Application - No active profile set, falling back to 1 default profile: "default"
11:20:24.467 INFO  [main]o.s.d.r.config.RepositoryConfigurationDelegate - Bootstrapping Spring Data JPA repositories in DEFAULT mode.
11:20:24.540 INFO  [main]o.s.d.r.config.RepositoryConfigurationDelegate - Finished Spring Data repository scanning in 61 ms. Found 3 JPA repository interfaces.
11:20:25.142 INFO  [main]o.s.boot.web.embedded.tomcat.TomcatWebServer - Tomcat initialized with port 8080 (http)
11:20:25.161 INFO  [main]org.apache.coyote.http11.Http11NioProtocol - Initializing ProtocolHandler ["http-nio-8080"]
11:20:25.162 INFO  [main]org.apache.catalina.core.StandardService - Starting service [Tomcat]
11:20:25.163 INFO  [main]org.apache.catalina.core.StandardEngine - Starting Servlet engine: [Apache Tomcat/10.1.40]
11:20:25.228 INFO  [main]o.a.c.core.ContainerBase.[Tomcat].[localhost].[/] - Initializing Spring embedded WebApplicationContext
11:20:25.228 INFO  [main]o.s.b.w.s.c.ServletWebServerApplicationContext - Root WebApplicationContext: initialization completed in 1454 ms
11:20:25.388 INFO  [main]com.zaxxer.hikari.HikariDataSource - HikariPool-1 - Starting...
11:20:25.628 INFO  [main]com.zaxxer.hikari.pool.HikariPool - HikariPool-1 - Added connection com.mysql.cj.jdbc.ConnectionImpl@3820cfe
11:20:25.630 INFO  [main]com.zaxxer.hikari.HikariDataSource - HikariPool-1 - Start completed.
11:20:25.666 INFO  [main]org.hibernate.jpa.internal.util.LogHelper - HHH000204: Processing PersistenceUnitInfo [name: default]
11:20:25.718 INFO  [main]org.hibernate.Version - HHH000412: Hibernate ORM core version 6.6.13.Final
11:20:25.756 INFO  [main]o.hibernate.cache.internal.RegionFactoryInitiator - HHH000026: Second-level cache disabled
11:20:26.083 INFO  [main]o.s.o.j.persistenceunit.SpringPersistenceUnitInfo - No LoadTimeWeaver setup: ignoring JPA class transformer
11:20:26.183 INFO  [main]org.hibernate.orm.connections.pooling - HHH10001005: Database info:
	Database JDBC URL [Connecting through datasource 'HikariDataSource (HikariPool-1)']
	Database driver: undefined/unknown
	Database version: 8.0.28
	Autocommit mode: undefined/unknown
	Isolation level: undefined/unknown
	Minimum pool size: undefined/unknown
	Maximum pool size: undefined/unknown
11:20:26.386 WARN  [main]org.hibernate.mapping.RootClass - HHH000038: Composite-id class does not override equals(): com.example.quiz14.entity.QuestionId
11:20:26.386 WARN  [main]org.hibernate.mapping.RootClass - HHH000039: Composite-id class does not override hashCode(): com.example.quiz14.entity.QuestionId
11:20:26.387 WARN  [main]org.hibernate.mapping.RootClass - HHH000038: Composite-id class does not override equals(): com.example.quiz14.entity.FeedbackId
11:20:26.387 WARN  [main]org.hibernate.mapping.RootClass - HHH000039: Composite-id class does not override hashCode(): com.example.quiz14.entity.FeedbackId
11:20:26.749 INFO  [main]o.h.e.t.jta.platform.internal.JtaPlatformInitiator - HHH000489: No JTA platform available (set 'hibernate.transaction.jta.platform' to enable JTA platform integration)
11:20:26.751 INFO  [main]o.s.orm.jpa.LocalContainerEntityManagerFactoryBean - Initialized JPA EntityManagerFactory for persistence unit 'default'
11:20:27.010 INFO  [main]o.s.data.jpa.repository.query.QueryEnhancerFactory - Hibernate is in classpath; If applicable, HQL parser will be used.
11:20:27.760 WARN  [main]o.s.b.a.o.j.JpaBaseConfiguration$JpaWebConfiguration - spring.jpa.open-in-view is enabled by default. Therefore, database queries may be performed during view rendering. Explicitly configure spring.jpa.open-in-view to disable this warning
11:20:28.120 INFO  [main]org.apache.coyote.http11.Http11NioProtocol - Starting ProtocolHandler ["http-nio-8080"]
11:20:28.148 INFO  [main]o.s.boot.web.embedded.tomcat.TomcatWebServer - Tomcat started on port 8080 (http) with context path '/'
11:20:28.158 INFO  [main]com.example.quiz14.Quiz14Application - Started Quiz14Application in 4.835 seconds (process running for 5.095)
11:20:32.322 INFO  [http-nio-8080-exec-2]o.a.c.core.ContainerBase.[Tomcat].[localhost].[/] - Initializing Spring DispatcherServlet 'dispatcherServlet'
11:20:32.322 INFO  [http-nio-8080-exec-2]org.springframework.web.servlet.DispatcherServlet - Initializing Servlet 'dispatcherServlet'
11:20:32.323 INFO  [http-nio-8080-exec-2]org.springframework.web.servlet.DispatcherServlet - Completed initialization in 1 ms
11:20:32.840 INFO  [http-nio-8080-exec-9]org.springdoc.api.AbstractOpenApiResource - Init duration for springdoc-openapi is: 303 ms
13:14:08.898 WARN  [HikariPool-1 housekeeper]com.zaxxer.hikari.pool.HikariPool - HikariPool-1 - Thread starvation or clock leap detected (housekeeper delta=1h32m42s83ms616µs800ns).
14:31:38.904 WARN  [HikariPool-1 housekeeper]com.zaxxer.hikari.pool.HikariPool - HikariPool-1 - Thread starvation or clock leap detected (housekeeper delta=58s821ms305µs200ns).
17:25:39.808 INFO  [background-preinit]org.hibernate.validator.internal.util.Version - HV000001: Hibernate Validator 8.0.2.Final
17:25:39.852 INFO  [main]com.example.quiz14.Quiz14Application - Starting Quiz14Application using Java 17.0.12 with PID 25532 (C:\JavaProject\java_project\quiz14\bin\main started by admin in C:\JavaProject\java_project\quiz14)
17:25:39.853 INFO  [main]com.example.quiz14.Quiz14Application - No active profile set, falling back to 1 default profile: "default"
17:25:40.491 INFO  [main]o.s.d.r.config.RepositoryConfigurationDelegate - Bootstrapping Spring Data JPA repositories in DEFAULT mode.
17:25:40.541 INFO  [main]o.s.d.r.config.RepositoryConfigurationDelegate - Finished Spring Data repository scanning in 42 ms. Found 3 JPA repository interfaces.
17:25:41.044 INFO  [main]o.s.boot.web.embedded.tomcat.TomcatWebServer - Tomcat initialized with port 8080 (http)
17:25:41.057 INFO  [main]org.apache.coyote.http11.Http11NioProtocol - Initializing ProtocolHandler ["http-nio-8080"]
17:25:41.059 INFO  [main]org.apache.catalina.core.StandardService - Starting service [Tomcat]
17:25:41.060 INFO  [main]org.apache.catalina.core.StandardEngine - Starting Servlet engine: [Apache Tomcat/10.1.40]
17:25:41.126 INFO  [main]o.a.c.core.ContainerBase.[Tomcat].[localhost].[/] - Initializing Spring embedded WebApplicationContext
17:25:41.126 INFO  [main]o.s.b.w.s.c.ServletWebServerApplicationContext - Root WebApplicationContext: initialization completed in 1239 ms
17:25:41.289 INFO  [main]com.zaxxer.hikari.HikariDataSource - HikariPool-1 - Starting...
17:25:41.483 INFO  [main]com.zaxxer.hikari.pool.HikariPool - HikariPool-1 - Added connection com.mysql.cj.jdbc.ConnectionImpl@b022551
17:25:41.485 INFO  [main]com.zaxxer.hikari.HikariDataSource - HikariPool-1 - Start completed.
17:25:41.522 INFO  [main]org.hibernate.jpa.internal.util.LogHelper - HHH000204: Processing PersistenceUnitInfo [name: default]
17:25:41.580 INFO  [main]org.hibernate.Version - HHH000412: Hibernate ORM core version 6.6.13.Final
17:25:41.611 INFO  [main]o.hibernate.cache.internal.RegionFactoryInitiator - HHH000026: Second-level cache disabled
17:25:41.845 INFO  [main]o.s.o.j.persistenceunit.SpringPersistenceUnitInfo - No LoadTimeWeaver setup: ignoring JPA class transformer
17:25:41.924 INFO  [main]org.hibernate.orm.connections.pooling - HHH10001005: Database info:
	Database JDBC URL [Connecting through datasource 'HikariDataSource (HikariPool-1)']
	Database driver: undefined/unknown
	Database version: 8.0.28
	Autocommit mode: undefined/unknown
	Isolation level: undefined/unknown
	Minimum pool size: undefined/unknown
	Maximum pool size: undefined/unknown
17:25:42.143 WARN  [main]org.hibernate.mapping.RootClass - HHH000038: Composite-id class does not override equals(): com.example.quiz14.entity.QuestionId
17:25:42.143 WARN  [main]org.hibernate.mapping.RootClass - HHH000039: Composite-id class does not override hashCode(): com.example.quiz14.entity.QuestionId
17:25:42.143 WARN  [main]org.hibernate.mapping.RootClass - HHH000038: Composite-id class does not override equals(): com.example.quiz14.entity.FeedbackId
17:25:42.143 WARN  [main]org.hibernate.mapping.RootClass - HHH000039: Composite-id class does not override hashCode(): com.example.quiz14.entity.FeedbackId
17:25:42.516 INFO  [main]o.h.e.t.jta.platform.internal.JtaPlatformInitiator - HHH000489: No JTA platform available (set 'hibernate.transaction.jta.platform' to enable JTA platform integration)
17:25:42.517 INFO  [main]o.s.orm.jpa.LocalContainerEntityManagerFactoryBean - Initialized JPA EntityManagerFactory for persistence unit 'default'
17:25:42.756 INFO  [main]o.s.data.jpa.repository.query.QueryEnhancerFactory - Hibernate is in classpath; If applicable, HQL parser will be used.
17:25:43.443 WARN  [main]o.s.b.a.o.j.JpaBaseConfiguration$JpaWebConfiguration - spring.jpa.open-in-view is enabled by default. Therefore, database queries may be performed during view rendering. Explicitly configure spring.jpa.open-in-view to disable this warning
17:25:43.784 INFO  [main]org.apache.coyote.http11.Http11NioProtocol - Starting ProtocolHandler ["http-nio-8080"]
17:25:43.807 INFO  [main]o.s.boot.web.embedded.tomcat.TomcatWebServer - Tomcat started on port 8080 (http) with context path '/'
17:25:43.818 INFO  [main]com.example.quiz14.Quiz14Application - Started Quiz14Application in 4.341 seconds (process running for 4.602)
17:25:49.487 INFO  [http-nio-8080-exec-6]o.a.c.core.ContainerBase.[Tomcat].[localhost].[/] - Initializing Spring DispatcherServlet 'dispatcherServlet'
17:25:49.487 INFO  [http-nio-8080-exec-6]org.springframework.web.servlet.DispatcherServlet - Initializing Servlet 'dispatcherServlet'
17:25:49.488 INFO  [http-nio-8080-exec-6]org.springframework.web.servlet.DispatcherServlet - Completed initialization in 1 ms
21:10:51.878 INFO  [background-preinit]org.hibernate.validator.internal.util.Version - HV000001: Hibernate Validator 8.0.2.Final
21:10:52.018 INFO  [main]com.example.quiz14.Quiz14Application - Starting Quiz14Application using Java 17.0.12 with PID 13904 (C:\JavaProject\java_project\quiz14\bin\main started by admin in C:\JavaProject\java_project\quiz14)
21:10:52.022 INFO  [main]com.example.quiz14.Quiz14Application - No active profile set, falling back to 1 default profile: "default"
21:10:53.426 INFO  [main]o.s.d.r.config.RepositoryConfigurationDelegate - Bootstrapping Spring Data JPA repositories in DEFAULT mode.
21:10:53.557 INFO  [main]o.s.d.r.config.RepositoryConfigurationDelegate - Finished Spring Data repository scanning in 113 ms. Found 3 JPA repository interfaces.
21:10:54.648 INFO  [main]o.s.boot.web.embedded.tomcat.TomcatWebServer - Tomcat initialized with port 8080 (http)
21:10:54.675 INFO  [main]org.apache.coyote.http11.Http11NioProtocol - Initializing ProtocolHandler ["http-nio-8080"]
21:10:54.678 INFO  [main]org.apache.catalina.core.StandardService - Starting service [Tomcat]
21:10:54.678 INFO  [main]org.apache.catalina.core.StandardEngine - Starting Servlet engine: [Apache Tomcat/10.1.40]
21:10:54.814 INFO  [main]o.a.c.core.ContainerBase.[Tomcat].[localhost].[/] - Initializing Spring embedded WebApplicationContext
21:10:54.815 INFO  [main]o.s.b.w.s.c.ServletWebServerApplicationContext - Root WebApplicationContext: initialization completed in 2684 ms
21:10:55.107 INFO  [main]com.zaxxer.hikari.HikariDataSource - HikariPool-1 - Starting...
21:10:55.461 INFO  [main]com.zaxxer.hikari.pool.HikariPool - HikariPool-1 - Added connection com.mysql.cj.jdbc.ConnectionImpl@33e4b9c4
21:10:55.464 INFO  [main]com.zaxxer.hikari.HikariDataSource - HikariPool-1 - Start completed.
21:10:55.537 INFO  [main]org.hibernate.jpa.internal.util.LogHelper - HHH000204: Processing PersistenceUnitInfo [name: default]
21:10:55.663 INFO  [main]org.hibernate.Version - HHH000412: Hibernate ORM core version 6.6.13.Final
21:10:55.729 INFO  [main]o.hibernate.cache.internal.RegionFactoryInitiator - HHH000026: Second-level cache disabled
21:10:56.316 INFO  [main]o.s.o.j.persistenceunit.SpringPersistenceUnitInfo - No LoadTimeWeaver setup: ignoring JPA class transformer
21:10:56.483 INFO  [main]org.hibernate.orm.connections.pooling - HHH10001005: Database info:
	Database JDBC URL [Connecting through datasource 'HikariDataSource (HikariPool-1)']
	Database driver: undefined/unknown
	Database version: 8.0.28
	Autocommit mode: undefined/unknown
	Isolation level: undefined/unknown
	Minimum pool size: undefined/unknown
	Maximum pool size: undefined/unknown
21:10:56.841 WARN  [main]org.hibernate.mapping.RootClass - HHH000038: Composite-id class does not override equals(): com.example.quiz14.entity.QuestionId
21:10:56.841 WARN  [main]org.hibernate.mapping.RootClass - HHH000039: Composite-id class does not override hashCode(): com.example.quiz14.entity.QuestionId
21:10:56.842 WARN  [main]org.hibernate.mapping.RootClass - HHH000038: Composite-id class does not override equals(): com.example.quiz14.entity.FeedbackId
21:10:56.842 WARN  [main]org.hibernate.mapping.RootClass - HHH000039: Composite-id class does not override hashCode(): com.example.quiz14.entity.FeedbackId
21:10:57.520 INFO  [main]o.h.e.t.jta.platform.internal.JtaPlatformInitiator - HHH000489: No JTA platform available (set 'hibernate.transaction.jta.platform' to enable JTA platform integration)
21:10:57.525 INFO  [main]o.s.orm.jpa.LocalContainerEntityManagerFactoryBean - Initialized JPA EntityManagerFactory for persistence unit 'default'
21:10:57.978 INFO  [main]o.s.data.jpa.repository.query.QueryEnhancerFactory - Hibernate is in classpath; If applicable, HQL parser will be used.
21:10:59.429 WARN  [main]o.s.b.a.o.j.JpaBaseConfiguration$JpaWebConfiguration - spring.jpa.open-in-view is enabled by default. Therefore, database queries may be performed during view rendering. Explicitly configure spring.jpa.open-in-view to disable this warning
21:11:00.357 INFO  [main]org.apache.coyote.http11.Http11NioProtocol - Starting ProtocolHandler ["http-nio-8080"]
21:11:00.397 INFO  [main]o.s.boot.web.embedded.tomcat.TomcatWebServer - Tomcat started on port 8080 (http) with context path '/'
21:11:00.413 INFO  [main]com.example.quiz14.Quiz14Application - Started Quiz14Application in 9.204 seconds (process running for 9.708)
21:11:08.430 INFO  [http-nio-8080-exec-1]o.a.c.core.ContainerBase.[Tomcat].[localhost].[/] - Initializing Spring DispatcherServlet 'dispatcherServlet'
21:11:08.432 INFO  [http-nio-8080-exec-1]org.springframework.web.servlet.DispatcherServlet - Initializing Servlet 'dispatcherServlet'
21:11:08.434 INFO  [http-nio-8080-exec-1]org.springframework.web.servlet.DispatcherServlet - Completed initialization in 2 ms
